
> Configure project :
w: The Default Kotlin Hierarchy Template was not applied to 'root project 'kotlin-utxo'':
Explicit .dependsOn() edges were configured for the following source sets:
[androidMain, iosArm64Main, iosMain, iosSimulatorArm64Main, iosX64Main, jvmMain, watchosArm64Main, watchosMain, watchosSimulatorArm64Main]

Consider removing dependsOn-calls or disabling the default template by adding
    'kotlin.mpp.applyDefaultHierarchyTemplate=false'
to your gradle.properties

Learn more about hierarchy templates: https://kotl.in/hierarchy-template


> Task :checkKotlinGradlePluginConfigurationErrors SKIPPED
> Task :compileKotlinJvm UP-TO-DATE
> Task :jvmProcessResources NO-SOURCE
> Task :jvmMainClasses UP-TO-DATE
> Task :jvmJar UP-TO-DATE
> Task :compileTestKotlinJvm UP-TO-DATE
> Task :jvmTestProcessResources NO-SOURCE
> Task :jvmTestClasses UP-TO-DATE
> Task :jvmTest FAILED

FAILURE: Build failed with an exception.

* What went wrong:
Execution failed for task ':jvmTest'.
> No tests found for given includes: [\ io.github.iml1s.utxo.UTXOSelectionBnBTest\](--tests filter)

* Try:
> Run with --stacktrace option to get the stack trace.
> Run with --info or --debug option to get more log output.
> Run with --scan to get full insights.
> Get more help at https://help.gradle.org.

BUILD FAILED in 3s
4 actionable tasks: 1 executed, 3 up-to-date
