<?xml version="1.0" encoding="UTF-8"?>
<testsuite name="io.github.iml1s.utxo.UTXOSelectionTest" tests="4" skipped="0" failures="0" errors="0" timestamp="2025-12-30T06:18:55.834Z" hostname="ImL1sdeMacBook-Pro.local" time="0.002">
  <properties/>
  <testcase name="testEmptySelection" classname="io.github.iml1s.utxo.UTXOSelectionTest" time="0.001"/>
  <testcase name="testHasChange" classname="io.github.iml1s.utxo.UTXOSelectionTest" time="0.0"/>
  <testcase name="testInputCount" classname="io.github.iml1s.utxo.UTXOSelectionTest" time="0.001"/>
  <testcase name="testIsValid" classname="io.github.iml1s.utxo.UTXOSelectionTest" time="0.0"/>
  <system-out><![CDATA[]]></system-out>
  <system-err><![CDATA[]]></system-err>
</testsuite>
