<?xml version="1.0" encoding="UTF-8"?>
<testsuite name="io.github.iml1s.utxo.CpfpTest" tests="3" skipped="0" failures="0" errors="0" timestamp="2025-12-30T06:18:55.794Z" hostname="ImL1sdeMacBook-Pro.local" time="0.02">
  <properties/>
  <testcase name="testCalculateChildFee" classname="io.github.iml1s.utxo.CpfpTest" time="0.017"/>
  <testcase name="testChildFeeZeroIfParentPaysEnough" classname="io.github.iml1s.utxo.CpfpTest" time="0.0"/>
  <testcase name="testPackageFeeRate" classname="io.github.iml1s.utxo.CpfpTest" time="0.002"/>
  <system-out><![CDATA[]]></system-out>
  <system-err><![CDATA[]]></system-err>
</testsuite>
