<?xml version="1.0" encoding="UTF-8"?>
<testsuite name="io.github.iml1s.utxo.UTXOSelectorTest" tests="10" skipped="0" failures="0" errors="0" timestamp="2025-12-30T06:18:55.838Z" hostname="ImL1sdeMacBook-Pro.local" time="0.018">
  <properties/>
  <testcase name="testDustUTXOsFiltered" classname="io.github.iml1s.utxo.UTXOSelectorTest" time="0.002"/>
  <testcase name="testChangeCalculation" classname="io.github.iml1s.utxo.UTXOSelectorTest" time="0.0"/>
  <testcase name="testValidateSelection" classname="io.github.iml1s.utxo.UTXOSelectorTest" time="0.0"/>
  <testcase name="testBranchAndBound" classname="io.github.iml1s.utxo.UTXOSelectorTest" time="0.001"/>
  <testcase name="testSelectSmallestFirst" classname="io.github.iml1s.utxo.UTXOSelectorTest" time="0.0"/>
  <testcase name="testNoEligibleUTXOs" classname="io.github.iml1s.utxo.UTXOSelectorTest" time="0.008"/>
  <testcase name="testInsufficientFunds" classname="io.github.iml1s.utxo.UTXOSelectorTest" time="0.005"/>
  <testcase name="testFeeEstimation" classname="io.github.iml1s.utxo.UTXOSelectorTest" time="0.0"/>
  <testcase name="testSelectOptimal" classname="io.github.iml1s.utxo.UTXOSelectorTest" time="0.001"/>
  <testcase name="testSelectLargestFirst" classname="io.github.iml1s.utxo.UTXOSelectorTest" time="0.001"/>
  <system-out><![CDATA[]]></system-out>
  <system-err><![CDATA[]]></system-err>
</testsuite>
