<?xml version="1.0" encoding="UTF-8"?>
<testsuite name="io.github.iml1s.utxo.RbfTest" tests="2" skipped="0" failures="0" errors="0" timestamp="2025-12-30T06:18:55.833Z" hostname="ImL1sdeMacBook-Pro.local" time="0.0">
  <properties/>
  <testcase name="testMinReplacementFee" classname="io.github.iml1s.utxo.RbfTest" time="0.0"/>
  <testcase name="testIsFeeSufficient" classname="io.github.iml1s.utxo.RbfTest" time="0.0"/>
  <system-out><![CDATA[]]></system-out>
  <system-err><![CDATA[]]></system-err>
</testsuite>
