<?xml version="1.0" encoding="UTF-8"?>
<testsuite name="io.github.iml1s.utxo.FeeRatesTest" tests="2" skipped="0" failures="0" errors="0" timestamp="2025-12-30T06:18:55.831Z" hostname="ImL1sdeMacBook-Pro.local" time="0.001">
  <properties/>
  <testcase name="testForPriority" classname="io.github.iml1s.utxo.FeeRatesTest" time="0.001"/>
  <testcase name="testDefaultRates" classname="io.github.iml1s.utxo.FeeRatesTest" time="0.0"/>
  <system-out><![CDATA[]]></system-out>
  <system-err><![CDATA[]]></system-err>
</testsuite>
